[2025-12-01 12:11:15] ===== LOGIN ATTEMPT STARTED =====
[2025-12-01 12:11:15] Input - Username: 'ganesh', Password provided: YES
[2025-12-01 12:11:15] Database connected: YES
[2025-12-01 12:11:15] Query executed, rows found: 0
[2025-12-01 12:11:15] ❌ User not found in database
[2025-12-01 12:12:22] ===== LOGIN ATTEMPT STARTED =====
[2025-12-01 12:12:22] Input - Username: 'ganesh', Password provided: YES
[2025-12-01 12:12:22] Database connected: YES
[2025-12-01 12:12:22] Query executed, rows found: 0
[2025-12-01 12:12:22] ❌ User not found in database
[2025-12-01 12:13:20] ===== LOGIN ATTEMPT STARTED =====
[2025-12-01 12:13:20] Input - Username: 'ganesh', Password provided: YES
[2025-12-01 12:13:20] Database connected: YES
[2025-12-01 12:13:20] Query executed, rows found: 0
[2025-12-01 12:13:20] ❌ User not found in database
[2025-12-01 12:15:40] ===== LOGIN ATTEMPT STARTED =====
[2025-12-01 12:15:40] Input - Username: 'ganesh', Password provided: YES
[2025-12-01 12:15:40] Database connected: YES
[2025-12-01 12:15:40] Query executed, rows found: 0
[2025-12-01 12:15:40] ❌ User not found in database
